configure: loading site script /usr/share/site/x86_64-unknown-linux-gnu
configure: netCDF 4.7.0
checking build system type... x86_64-pc-linux-gnu
checking host system type... x86_64-pc-linux-gnu
checking target system type... x86_64-pc-linux-gnu
checking for a BSD-compatible install... /usr/bin/install -c
checking whether build environment is sane... yes
checking for a thread-safe mkdir -p... /usr/bin/mkdir -p
checking for gawk... gawk
checking whether make sets $(MAKE)... yes
checking whether make supports nested variables... yes
checking whether to enable maintainer-specific portions of Makefiles... no
configure: checking user options
checking whether a NCIO_MINBLOCKSIZE was specified... 256
checking for valgrind... no
checking if fsync support is enabled... no
checking if jna bug workaround is enabled... no
checking whether we should build netCDF-4... yes
checking whether we should build with HDF5... yes
checking do we require hdf5 dynamic-loading support... yes
checking whether reading of HDF4 SD files is to be enabled... no
checking whether to fetch some sample HDF4 files from Unidata ftp site to test HDF4 reading (requires wget)... no
checking whether we should attempt to install netcdf-fortran (EXPERIMENTAL)... no
checking whether parallel IO tests should be run... no
checking whether a user specified program to run mpi programs... mpiexec
checking whether a default chunk size in bytes was specified... 4194304
checking whether a maximum per-variable cache size for HDF5 was specified... 67108864
checking whether a number of chunks for the default per-variable cache was specified... 10
checking whether a default file cache size for HDF5 was specified... 4194304
checking whether a default file cache maximum number of elements for HDF5 was specified... 1009
checking whether a default cache preemption for HDF5 was specified... 0.75
checking whether netCDF-4 logging is enabled... no
checking whether nc_set_log_level() function is included (will do nothing unless enable-logging is also used)... yes
checking whether DAP client(s) are to be built... yes
checking whether make supports the include directive... yes (GNU style)
checking for gcc... clang
checking whether the C compiler works... yes
checking for C compiler default output file name... a.out
checking for suffix of executables... 
checking whether we are cross compiling... no
checking for suffix of object files... o
checking whether we are using the GNU C compiler... yes
checking whether clang accepts -g... yes
checking for clang option to accept ISO C89... none needed
checking whether clang understands -c and -o together... yes
checking dependency style of clang... gcc3
checking for curl_easy_setopt in -lcurl... yes
checking for library containing curl_easy_setopt... -lcurl
checking whether dap remote testing should be enabled (default on)... yes
checking whether dap remote authorization testing should be enabled (default off)... no
checking which remote test server(s) to use... 149.165.169.123:8080,remotetest.unidata.ucar.edu
checking whether the time-consuming dap tests should be enabled (default off)... no
checking whether to enable strict null-byte header padding when reading (default off)... no
checking whether FFIO will be used... no
checking whether STDIO will be used... no
checking whether examples should be built... yes
checking whether v2 netCDF API should be built... yes
checking whether the ncgen/ncdump/nccopy should be built... yes
checking whether test should be built and run... yes
checking whether large file (> 2GB) tests should be run... no
checking whether benchmarks should be run... no
checking whether extreme numbers should be used in tests... yes
checking where to put large temp files if large file tests are run... .
checking Extra values for _NCProperties... 
checking whether user-defined format 0 was specified... 
checking whether a magic number for user-defined format 0 was specified... 
checking whether user-defined format 1 was specified... 
checking whether a magic number for user-defined format 1 was specified... 
configure: finding C compiler
checking for gcc... (cached) clang
checking whether we are using the GNU C compiler... (cached) yes
checking whether clang accepts -g... (cached) yes
checking for clang option to accept ISO C89... (cached) none needed
checking whether clang understands -c and -o together... (cached) yes
checking dependency style of clang... (cached) gcc3
checking for an ANSI C-conforming const... yes
checking whether CURLOPT_USERNAME is defined... yes
checking whether CURLOPT_PASSWORD is defined... yes
checking whether CURLOPT_KEYPASSWD is defined... yes
checking whether CURLINFO_RESPONSE_CODE is defined... yes
checking whether CURLOPT_BUFFERSIZE is defined... yes
checking whether CURLOPT_TCP_KEEPALIVE is defined... yes
configure: setting up libtool
checking how to print strings... printf
checking for a sed that does not truncate output... /usr/bin/sed
checking for grep that handles long lines and -e... /usr/bin/grep
checking for egrep... /usr/bin/grep -E
checking for fgrep... /usr/bin/grep -F
checking for ld used by clang... /usr/bin/ld
checking if the linker (/usr/bin/ld) is GNU ld... yes
checking for BSD- or MS-compatible name lister (nm)... /usr/bin/nm -B
checking the name lister (/usr/bin/nm -B) interface... BSD nm
checking whether ln -s works... yes
checking the maximum length of command line arguments... 1572864
checking how to convert x86_64-pc-linux-gnu file names to x86_64-pc-linux-gnu format... func_convert_file_noop
checking how to convert x86_64-pc-linux-gnu file names to toolchain format... func_convert_file_noop
checking for /usr/bin/ld option to reload object files... -r
checking for objdump... objdump
checking how to recognize dependent libraries... pass_all
checking for dlltool... no
checking how to associate runtime and link libraries... printf %s\n
checking for ar... ar
checking for archiver @FILE support... @
checking for strip... strip
checking for ranlib... ranlib
checking command to parse /usr/bin/nm -B output from clang object... ok
checking for sysroot... no
checking for a working dd... /usr/bin/dd
checking how to truncate binary pipes... /usr/bin/dd bs=4096 count=1
checking for mt... mt
checking if mt is a manifest tool... no
checking how to run the C preprocessor... clang -E
checking for ANSI C header files... yes
checking for sys/types.h... yes
checking for sys/stat.h... yes
checking for stdlib.h... yes
checking for string.h... 